0 info it worked if it ends with ok
1 verbose cli [ '/home/zaid/.linuxbrew/Cellar/node/7.2.1/bin/node',
1 verbose cli   '/home/zaid/.linuxbrew/bin/npm',
1 verbose cli   'run',
1 verbose cli   'flow' ]
2 info using npm@3.10.9
3 info using node@v7.2.1
4 verbose run-script [ 'preflow', 'flow', 'postflow' ]
5 info lifecycle developer-manual@1.0.0~preflow: developer-manual@1.0.0
6 silly lifecycle developer-manual@1.0.0~preflow: no script for preflow, continuing
7 info lifecycle developer-manual@1.0.0~flow: developer-manual@1.0.0
8 verbose lifecycle developer-manual@1.0.0~flow: unsafe-perm in lifecycle true
9 verbose lifecycle developer-manual@1.0.0~flow: PATH: /home/zaid/.linuxbrew/lib/node_modules/npm/bin/node-gyp-bin:/home/zaid/Projects/Sportomatic/developer-manual/node_modules/.bin:/home/zaid/.linuxbrew/Cellar/node/7.2.1/bin:/home/zaid/.linuxbrew/bin:/usr/local/sbin:/usr/local/bin:/usr/sbin:/usr/bin:/sbin:/bin:/usr/games:/usr/local/games
10 verbose lifecycle developer-manual@1.0.0~flow: CWD: /home/zaid/Projects/Sportomatic/developer-manual
11 silly lifecycle developer-manual@1.0.0~flow: Args: [ '-c', 'flow; test $? -eq 0 -o $? -eq 2' ]
12 silly lifecycle developer-manual@1.0.0~flow: Returned: code: 1  signal: null
13 info lifecycle developer-manual@1.0.0~flow: Failed to exec flow script
14 verbose stack Error: developer-manual@1.0.0 flow: `flow; test $? -eq 0 -o $? -eq 2`
14 verbose stack Exit status 1
14 verbose stack     at EventEmitter.<anonymous> (/home/zaid/.linuxbrew/lib/node_modules/npm/lib/utils/lifecycle.js:255:16)
14 verbose stack     at emitTwo (events.js:106:13)
14 verbose stack     at EventEmitter.emit (events.js:191:7)
14 verbose stack     at ChildProcess.<anonymous> (/home/zaid/.linuxbrew/lib/node_modules/npm/lib/utils/spawn.js:40:14)
14 verbose stack     at emitTwo (events.js:106:13)
14 verbose stack     at ChildProcess.emit (events.js:191:7)
14 verbose stack     at maybeClose (internal/child_process.js:885:16)
14 verbose stack     at Process.ChildProcess._handle.onexit (internal/child_process.js:226:5)
15 verbose pkgid developer-manual@1.0.0
16 verbose cwd /home/zaid/Projects/Sportomatic/developer-manual
17 error Linux 3.19.0-77-generic
18 error argv "/home/zaid/.linuxbrew/Cellar/node/7.2.1/bin/node" "/home/zaid/.linuxbrew/bin/npm" "run" "flow"
19 error node v7.2.1
20 error npm  v3.10.9
21 error code ELIFECYCLE
22 error developer-manual@1.0.0 flow: `flow; test $? -eq 0 -o $? -eq 2`
22 error Exit status 1
23 error Failed at the developer-manual@1.0.0 flow script 'flow; test $? -eq 0 -o $? -eq 2'.
23 error Make sure you have the latest version of node.js and npm installed.
23 error If you do, this is most likely a problem with the developer-manual package,
23 error not with npm itself.
23 error Tell the author that this fails on your system:
23 error     flow; test $? -eq 0 -o $? -eq 2
23 error You can get information on how to open an issue for this project with:
23 error     npm bugs developer-manual
23 error Or if that isn't available, you can get their info via:
23 error     npm owner ls developer-manual
23 error There is likely additional logging output above.
24 verbose exit [ 1, true ]
